[TRACE] 2018-10-05 13:00:50.966 [main] DAOInterface - Interface started.
[TRACE] 2018-10-05 13:00:51.004 [main] DAOInterface - Objects builded.
[ERROR] 2018-10-05 13:00:51.006 [main] DAOInterface - DAOController failed.
java.lang.NullPointerException
	at com.input.CSVInputReader.loadModel(CSVInputReader.java:32) ~[classes/:?]
	at com.control.DAOGeneratorController.execute(DAOGeneratorController.java:38) ~[classes/:?]
	at com.control.DAOInterface.executeController(DAOInterface.java:138) [classes/:?]
	at test.TestRPGDAO.test_04_csv(TestRPGDAO.java:149) [test-classes/:?]
	at sun.reflect.NativeMethodAccessorImpl.invoke0(Native Method) ~[?:1.8.0_60]
	at sun.reflect.NativeMethodAccessorImpl.invoke(NativeMethodAccessorImpl.java:62) ~[?:1.8.0_60]
	at sun.reflect.DelegatingMethodAccessorImpl.invoke(DelegatingMethodAccessorImpl.java:43) ~[?:1.8.0_60]
	at java.lang.reflect.Method.invoke(Method.java:497) ~[?:1.8.0_60]
	at org.junit.runners.model.FrameworkMethod$1.runReflectiveCall(FrameworkMethod.java:50) [junit-4.12.jar:4.12]
	at org.junit.internal.runners.model.ReflectiveCallable.run(ReflectiveCallable.java:12) [junit-4.12.jar:4.12]
	at org.junit.runners.model.FrameworkMethod.invokeExplosively(FrameworkMethod.java:47) [junit-4.12.jar:4.12]
	at org.junit.internal.runners.statements.InvokeMethod.evaluate(InvokeMethod.java:17) [junit-4.12.jar:4.12]
	at org.junit.runners.ParentRunner.runLeaf(ParentRunner.java:325) [junit-4.12.jar:4.12]
	at org.junit.runners.BlockJUnit4ClassRunner.runChild(BlockJUnit4ClassRunner.java:78) [junit-4.12.jar:4.12]
	at org.junit.runners.BlockJUnit4ClassRunner.runChild(BlockJUnit4ClassRunner.java:57) [junit-4.12.jar:4.12]
	at org.junit.runners.ParentRunner$3.run(ParentRunner.java:290) [junit-4.12.jar:4.12]
	at org.junit.runners.ParentRunner$1.schedule(ParentRunner.java:71) [junit-4.12.jar:4.12]
	at org.junit.runners.ParentRunner.runChildren(ParentRunner.java:288) [junit-4.12.jar:4.12]
	at org.junit.runners.ParentRunner.access$000(ParentRunner.java:58) [junit-4.12.jar:4.12]
	at org.junit.runners.ParentRunner$2.evaluate(ParentRunner.java:268) [junit-4.12.jar:4.12]
	at org.junit.runners.ParentRunner.run(ParentRunner.java:363) [junit-4.12.jar:4.12]
	at org.eclipse.jdt.internal.junit4.runner.JUnit4TestReference.run(JUnit4TestReference.java:86) [.cp/:?]
	at org.eclipse.jdt.internal.junit.runner.TestExecution.run(TestExecution.java:38) [.cp/:?]
	at org.eclipse.jdt.internal.junit.runner.RemoteTestRunner.runTests(RemoteTestRunner.java:459) [.cp/:?]
	at org.eclipse.jdt.internal.junit.runner.RemoteTestRunner.runTests(RemoteTestRunner.java:675) [.cp/:?]
	at org.eclipse.jdt.internal.junit.runner.RemoteTestRunner.run(RemoteTestRunner.java:382) [.cp/:?]
	at org.eclipse.jdt.internal.junit.runner.RemoteTestRunner.main(RemoteTestRunner.java:192) [.cp/:?]
[TRACE] 2018-10-05 13:02:53.473 [main] DAOInterface - Interface started.
[TRACE] 2018-10-05 13:04:20.197 [main] DAOInterface - Objects builded.
[ERROR] 2018-10-05 13:06:12.854 [main] DAOInterface - DAOController failed.
java.lang.NullPointerException
	at com.input.CSVInputReader.loadModel(CSVInputReader.java:32) ~[classes/:?]
	at com.control.DAOGeneratorController.execute(DAOGeneratorController.java:38) ~[classes/:?]
	at com.control.DAOInterface.executeController(DAOInterface.java:138) [classes/:?]
	at test.TestRPGDAO.test_04_csv(TestRPGDAO.java:149) [test-classes/:?]
	at sun.reflect.NativeMethodAccessorImpl.invoke0(Native Method) ~[?:1.8.0_60]
	at sun.reflect.NativeMethodAccessorImpl.invoke(NativeMethodAccessorImpl.java:62) ~[?:1.8.0_60]
	at sun.reflect.DelegatingMethodAccessorImpl.invoke(DelegatingMethodAccessorImpl.java:43) ~[?:1.8.0_60]
	at java.lang.reflect.Method.invoke(Method.java:497) ~[?:1.8.0_60]
	at org.junit.runners.model.FrameworkMethod$1.runReflectiveCall(FrameworkMethod.java:50) [junit-4.12.jar:4.12]
	at org.junit.internal.runners.model.ReflectiveCallable.run(ReflectiveCallable.java:12) [junit-4.12.jar:4.12]
	at org.junit.runners.model.FrameworkMethod.invokeExplosively(FrameworkMethod.java:47) [junit-4.12.jar:4.12]
	at org.junit.internal.runners.statements.InvokeMethod.evaluate(InvokeMethod.java:17) [junit-4.12.jar:4.12]
	at org.junit.runners.ParentRunner.runLeaf(ParentRunner.java:325) [junit-4.12.jar:4.12]
	at org.junit.runners.BlockJUnit4ClassRunner.runChild(BlockJUnit4ClassRunner.java:78) [junit-4.12.jar:4.12]
	at org.junit.runners.BlockJUnit4ClassRunner.runChild(BlockJUnit4ClassRunner.java:57) [junit-4.12.jar:4.12]
	at org.junit.runners.ParentRunner$3.run(ParentRunner.java:290) [junit-4.12.jar:4.12]
	at org.junit.runners.ParentRunner$1.schedule(ParentRunner.java:71) [junit-4.12.jar:4.12]
	at org.junit.runners.ParentRunner.runChildren(ParentRunner.java:288) [junit-4.12.jar:4.12]
	at org.junit.runners.ParentRunner.access$000(ParentRunner.java:58) [junit-4.12.jar:4.12]
	at org.junit.runners.ParentRunner$2.evaluate(ParentRunner.java:268) [junit-4.12.jar:4.12]
	at org.junit.runners.ParentRunner.run(ParentRunner.java:363) [junit-4.12.jar:4.12]
	at org.eclipse.jdt.internal.junit4.runner.JUnit4TestReference.run(JUnit4TestReference.java:86) [.cp/:?]
	at org.eclipse.jdt.internal.junit.runner.TestExecution.run(TestExecution.java:38) [.cp/:?]
	at org.eclipse.jdt.internal.junit.runner.RemoteTestRunner.runTests(RemoteTestRunner.java:459) [.cp/:?]
	at org.eclipse.jdt.internal.junit.runner.RemoteTestRunner.runTests(RemoteTestRunner.java:675) [.cp/:?]
	at org.eclipse.jdt.internal.junit.runner.RemoteTestRunner.run(RemoteTestRunner.java:382) [.cp/:?]
	at org.eclipse.jdt.internal.junit.runner.RemoteTestRunner.main(RemoteTestRunner.java:192) [.cp/:?]
[TRACE] 2018-10-05 13:06:40.413 [main] DAOInterface - Interface started.
[TRACE] 2018-10-05 13:06:40.434 [main] DAOInterface - Objects builded.
[ERROR] 2018-10-05 13:08:16.808 [main] DAOInterface - DAOController failed.
java.lang.NullPointerException
	at com.input.CSVInputReader.loadModel(CSVInputReader.java:32) ~[classes/:?]
	at com.control.DAOGeneratorController.execute(DAOGeneratorController.java:38) ~[classes/:?]
	at com.control.DAOInterface.executeController(DAOInterface.java:138) [classes/:?]
	at test.TestRPGDAO.test_04_csv(TestRPGDAO.java:149) [test-classes/:?]
	at sun.reflect.NativeMethodAccessorImpl.invoke0(Native Method) ~[?:1.8.0_60]
	at sun.reflect.NativeMethodAccessorImpl.invoke(NativeMethodAccessorImpl.java:62) ~[?:1.8.0_60]
	at sun.reflect.DelegatingMethodAccessorImpl.invoke(DelegatingMethodAccessorImpl.java:43) ~[?:1.8.0_60]
	at java.lang.reflect.Method.invoke(Method.java:497) ~[?:1.8.0_60]
	at org.junit.runners.model.FrameworkMethod$1.runReflectiveCall(FrameworkMethod.java:50) [junit-4.12.jar:4.12]
	at org.junit.internal.runners.model.ReflectiveCallable.run(ReflectiveCallable.java:12) [junit-4.12.jar:4.12]
	at org.junit.runners.model.FrameworkMethod.invokeExplosively(FrameworkMethod.java:47) [junit-4.12.jar:4.12]
	at org.junit.internal.runners.statements.InvokeMethod.evaluate(InvokeMethod.java:17) [junit-4.12.jar:4.12]
	at org.junit.runners.ParentRunner.runLeaf(ParentRunner.java:325) [junit-4.12.jar:4.12]
	at org.junit.runners.BlockJUnit4ClassRunner.runChild(BlockJUnit4ClassRunner.java:78) [junit-4.12.jar:4.12]
	at org.junit.runners.BlockJUnit4ClassRunner.runChild(BlockJUnit4ClassRunner.java:57) [junit-4.12.jar:4.12]
	at org.junit.runners.ParentRunner$3.run(ParentRunner.java:290) [junit-4.12.jar:4.12]
	at org.junit.runners.ParentRunner$1.schedule(ParentRunner.java:71) [junit-4.12.jar:4.12]
	at org.junit.runners.ParentRunner.runChildren(ParentRunner.java:288) [junit-4.12.jar:4.12]
	at org.junit.runners.ParentRunner.access$000(ParentRunner.java:58) [junit-4.12.jar:4.12]
	at org.junit.runners.ParentRunner$2.evaluate(ParentRunner.java:268) [junit-4.12.jar:4.12]
	at org.junit.runners.ParentRunner.run(ParentRunner.java:363) [junit-4.12.jar:4.12]
	at org.eclipse.jdt.internal.junit4.runner.JUnit4TestReference.run(JUnit4TestReference.java:86) [.cp/:?]
	at org.eclipse.jdt.internal.junit.runner.TestExecution.run(TestExecution.java:38) [.cp/:?]
	at org.eclipse.jdt.internal.junit.runner.RemoteTestRunner.runTests(RemoteTestRunner.java:459) [.cp/:?]
	at org.eclipse.jdt.internal.junit.runner.RemoteTestRunner.runTests(RemoteTestRunner.java:675) [.cp/:?]
	at org.eclipse.jdt.internal.junit.runner.RemoteTestRunner.run(RemoteTestRunner.java:382) [.cp/:?]
	at org.eclipse.jdt.internal.junit.runner.RemoteTestRunner.main(RemoteTestRunner.java:192) [.cp/:?]
[TRACE] 2018-10-05 13:08:29.655 [main] DAOInterface - Interface started.
[TRACE] 2018-10-05 13:08:29.674 [main] DAOInterface - Objects builded.
[ERROR] 2018-10-05 13:10:10.976 [main] DAOInterface - DAOController failed.
java.lang.NullPointerException
	at com.input.CSVInputReader.loadModel(CSVInputReader.java:33) ~[classes/:?]
	at com.control.DAOGeneratorController.execute(DAOGeneratorController.java:38) ~[classes/:?]
	at com.control.DAOInterface.executeController(DAOInterface.java:138) [classes/:?]
	at test.TestRPGDAO.test_04_csv(TestRPGDAO.java:149) [test-classes/:?]
	at sun.reflect.NativeMethodAccessorImpl.invoke0(Native Method) ~[?:1.8.0_60]
	at sun.reflect.NativeMethodAccessorImpl.invoke(NativeMethodAccessorImpl.java:62) ~[?:1.8.0_60]
	at sun.reflect.DelegatingMethodAccessorImpl.invoke(DelegatingMethodAccessorImpl.java:43) ~[?:1.8.0_60]
	at java.lang.reflect.Method.invoke(Method.java:497) ~[?:1.8.0_60]
	at org.junit.runners.model.FrameworkMethod$1.runReflectiveCall(FrameworkMethod.java:50) [junit-4.12.jar:4.12]
	at org.junit.internal.runners.model.ReflectiveCallable.run(ReflectiveCallable.java:12) [junit-4.12.jar:4.12]
	at org.junit.runners.model.FrameworkMethod.invokeExplosively(FrameworkMethod.java:47) [junit-4.12.jar:4.12]
	at org.junit.internal.runners.statements.InvokeMethod.evaluate(InvokeMethod.java:17) [junit-4.12.jar:4.12]
	at org.junit.runners.ParentRunner.runLeaf(ParentRunner.java:325) [junit-4.12.jar:4.12]
	at org.junit.runners.BlockJUnit4ClassRunner.runChild(BlockJUnit4ClassRunner.java:78) [junit-4.12.jar:4.12]
	at org.junit.runners.BlockJUnit4ClassRunner.runChild(BlockJUnit4ClassRunner.java:57) [junit-4.12.jar:4.12]
	at org.junit.runners.ParentRunner$3.run(ParentRunner.java:290) [junit-4.12.jar:4.12]
	at org.junit.runners.ParentRunner$1.schedule(ParentRunner.java:71) [junit-4.12.jar:4.12]
	at org.junit.runners.ParentRunner.runChildren(ParentRunner.java:288) [junit-4.12.jar:4.12]
	at org.junit.runners.ParentRunner.access$000(ParentRunner.java:58) [junit-4.12.jar:4.12]
	at org.junit.runners.ParentRunner$2.evaluate(ParentRunner.java:268) [junit-4.12.jar:4.12]
	at org.junit.runners.ParentRunner.run(ParentRunner.java:363) [junit-4.12.jar:4.12]
	at org.eclipse.jdt.internal.junit4.runner.JUnit4TestReference.run(JUnit4TestReference.java:86) [.cp/:?]
	at org.eclipse.jdt.internal.junit.runner.TestExecution.run(TestExecution.java:38) [.cp/:?]
	at org.eclipse.jdt.internal.junit.runner.RemoteTestRunner.runTests(RemoteTestRunner.java:459) [.cp/:?]
	at org.eclipse.jdt.internal.junit.runner.RemoteTestRunner.runTests(RemoteTestRunner.java:675) [.cp/:?]
	at org.eclipse.jdt.internal.junit.runner.RemoteTestRunner.run(RemoteTestRunner.java:382) [.cp/:?]
	at org.eclipse.jdt.internal.junit.runner.RemoteTestRunner.main(RemoteTestRunner.java:192) [.cp/:?]
[TRACE] 2018-10-05 13:10:45.395 [main] DAOInterface - Interface started.
[TRACE] 2018-10-05 13:10:45.418 [main] DAOInterface - Objects builded.
[TRACE] 2018-10-05 13:14:50.907 [main] DAOInterface - Interface started.
[TRACE] 2018-10-05 13:14:50.930 [main] DAOInterface - Objects builded.
[ERROR] 2018-10-05 13:15:22.944 [main] DAOInterface - DAOController failed.
java.lang.NullPointerException
	at com.input.CSVInputReader.loadModel(CSVInputReader.java:32) ~[classes/:?]
	at com.control.DAOGeneratorController.execute(DAOGeneratorController.java:38) ~[classes/:?]
	at com.control.DAOInterface.executeController(DAOInterface.java:138) [classes/:?]
	at test.TestRPGDAO.test_04_csv(TestRPGDAO.java:149) [test-classes/:?]
	at sun.reflect.NativeMethodAccessorImpl.invoke0(Native Method) ~[?:1.8.0_60]
	at sun.reflect.NativeMethodAccessorImpl.invoke(NativeMethodAccessorImpl.java:62) ~[?:1.8.0_60]
	at sun.reflect.DelegatingMethodAccessorImpl.invoke(DelegatingMethodAccessorImpl.java:43) ~[?:1.8.0_60]
	at java.lang.reflect.Method.invoke(Method.java:497) ~[?:1.8.0_60]
	at org.junit.runners.model.FrameworkMethod$1.runReflectiveCall(FrameworkMethod.java:50) [junit-4.12.jar:4.12]
	at org.junit.internal.runners.model.ReflectiveCallable.run(ReflectiveCallable.java:12) [junit-4.12.jar:4.12]
	at org.junit.runners.model.FrameworkMethod.invokeExplosively(FrameworkMethod.java:47) [junit-4.12.jar:4.12]
	at org.junit.internal.runners.statements.InvokeMethod.evaluate(InvokeMethod.java:17) [junit-4.12.jar:4.12]
	at org.junit.runners.ParentRunner.runLeaf(ParentRunner.java:325) [junit-4.12.jar:4.12]
	at org.junit.runners.BlockJUnit4ClassRunner.runChild(BlockJUnit4ClassRunner.java:78) [junit-4.12.jar:4.12]
	at org.junit.runners.BlockJUnit4ClassRunner.runChild(BlockJUnit4ClassRunner.java:57) [junit-4.12.jar:4.12]
	at org.junit.runners.ParentRunner$3.run(ParentRunner.java:290) [junit-4.12.jar:4.12]
	at org.junit.runners.ParentRunner$1.schedule(ParentRunner.java:71) [junit-4.12.jar:4.12]
	at org.junit.runners.ParentRunner.runChildren(ParentRunner.java:288) [junit-4.12.jar:4.12]
	at org.junit.runners.ParentRunner.access$000(ParentRunner.java:58) [junit-4.12.jar:4.12]
	at org.junit.runners.ParentRunner$2.evaluate(ParentRunner.java:268) [junit-4.12.jar:4.12]
	at org.junit.runners.ParentRunner.run(ParentRunner.java:363) [junit-4.12.jar:4.12]
	at org.eclipse.jdt.internal.junit4.runner.JUnit4TestReference.run(JUnit4TestReference.java:86) [.cp/:?]
	at org.eclipse.jdt.internal.junit.runner.TestExecution.run(TestExecution.java:38) [.cp/:?]
	at org.eclipse.jdt.internal.junit.runner.RemoteTestRunner.runTests(RemoteTestRunner.java:459) [.cp/:?]
	at org.eclipse.jdt.internal.junit.runner.RemoteTestRunner.runTests(RemoteTestRunner.java:675) [.cp/:?]
	at org.eclipse.jdt.internal.junit.runner.RemoteTestRunner.run(RemoteTestRunner.java:382) [.cp/:?]
	at org.eclipse.jdt.internal.junit.runner.RemoteTestRunner.main(RemoteTestRunner.java:192) [.cp/:?]
[TRACE] 2018-10-05 13:18:34.184 [main] DAOInterface - Interface started.
[TRACE] 2018-10-05 13:18:34.210 [main] DAOInterface - Objects builded.
[ERROR] 2018-10-05 13:19:12.645 [main] DAOInterface - DAOController failed.
java.lang.NullPointerException
	at com.input.CSVInputReader.loadModel(CSVInputReader.java:33) ~[classes/:?]
	at com.control.DAOGeneratorController.execute(DAOGeneratorController.java:38) ~[classes/:?]
	at com.control.DAOInterface.executeController(DAOInterface.java:138) [classes/:?]
	at test.TestRPGDAO.test_04_csv(TestRPGDAO.java:149) [test-classes/:?]
	at sun.reflect.NativeMethodAccessorImpl.invoke0(Native Method) ~[?:1.8.0_60]
	at sun.reflect.NativeMethodAccessorImpl.invoke(NativeMethodAccessorImpl.java:62) ~[?:1.8.0_60]
	at sun.reflect.DelegatingMethodAccessorImpl.invoke(DelegatingMethodAccessorImpl.java:43) ~[?:1.8.0_60]
	at java.lang.reflect.Method.invoke(Method.java:497) ~[?:1.8.0_60]
	at org.junit.runners.model.FrameworkMethod$1.runReflectiveCall(FrameworkMethod.java:50) [junit-4.12.jar:4.12]
	at org.junit.internal.runners.model.ReflectiveCallable.run(ReflectiveCallable.java:12) [junit-4.12.jar:4.12]
	at org.junit.runners.model.FrameworkMethod.invokeExplosively(FrameworkMethod.java:47) [junit-4.12.jar:4.12]
	at org.junit.internal.runners.statements.InvokeMethod.evaluate(InvokeMethod.java:17) [junit-4.12.jar:4.12]
	at org.junit.runners.ParentRunner.runLeaf(ParentRunner.java:325) [junit-4.12.jar:4.12]
	at org.junit.runners.BlockJUnit4ClassRunner.runChild(BlockJUnit4ClassRunner.java:78) [junit-4.12.jar:4.12]
	at org.junit.runners.BlockJUnit4ClassRunner.runChild(BlockJUnit4ClassRunner.java:57) [junit-4.12.jar:4.12]
	at org.junit.runners.ParentRunner$3.run(ParentRunner.java:290) [junit-4.12.jar:4.12]
	at org.junit.runners.ParentRunner$1.schedule(ParentRunner.java:71) [junit-4.12.jar:4.12]
	at org.junit.runners.ParentRunner.runChildren(ParentRunner.java:288) [junit-4.12.jar:4.12]
	at org.junit.runners.ParentRunner.access$000(ParentRunner.java:58) [junit-4.12.jar:4.12]
	at org.junit.runners.ParentRunner$2.evaluate(ParentRunner.java:268) [junit-4.12.jar:4.12]
	at org.junit.runners.ParentRunner.run(ParentRunner.java:363) [junit-4.12.jar:4.12]
	at org.eclipse.jdt.internal.junit4.runner.JUnit4TestReference.run(JUnit4TestReference.java:86) [.cp/:?]
	at org.eclipse.jdt.internal.junit.runner.TestExecution.run(TestExecution.java:38) [.cp/:?]
	at org.eclipse.jdt.internal.junit.runner.RemoteTestRunner.runTests(RemoteTestRunner.java:459) [.cp/:?]
	at org.eclipse.jdt.internal.junit.runner.RemoteTestRunner.runTests(RemoteTestRunner.java:675) [.cp/:?]
	at org.eclipse.jdt.internal.junit.runner.RemoteTestRunner.run(RemoteTestRunner.java:382) [.cp/:?]
	at org.eclipse.jdt.internal.junit.runner.RemoteTestRunner.main(RemoteTestRunner.java:192) [.cp/:?]
[TRACE] 2018-10-05 13:19:39.533 [main] DAOInterface - Interface started.
[TRACE] 2018-10-05 13:19:39.556 [main] DAOInterface - Objects builded.
[ERROR] 2018-10-05 13:22:27.510 [main] DAOInterface - DAOController failed.
java.lang.NullPointerException
	at com.input.CSVInputReader.loadModel(CSVInputReader.java:33) ~[classes/:?]
	at com.control.DAOGeneratorController.execute(DAOGeneratorController.java:38) ~[classes/:?]
	at com.control.DAOInterface.executeController(DAOInterface.java:138) [classes/:?]
	at test.TestRPGDAO.test_04_csv(TestRPGDAO.java:149) [test-classes/:?]
	at sun.reflect.NativeMethodAccessorImpl.invoke0(Native Method) ~[?:1.8.0_60]
	at sun.reflect.NativeMethodAccessorImpl.invoke(NativeMethodAccessorImpl.java:62) ~[?:1.8.0_60]
	at sun.reflect.DelegatingMethodAccessorImpl.invoke(DelegatingMethodAccessorImpl.java:43) ~[?:1.8.0_60]
	at java.lang.reflect.Method.invoke(Method.java:497) ~[?:1.8.0_60]
	at org.junit.runners.model.FrameworkMethod$1.runReflectiveCall(FrameworkMethod.java:50) [junit-4.12.jar:4.12]
	at org.junit.internal.runners.model.ReflectiveCallable.run(ReflectiveCallable.java:12) [junit-4.12.jar:4.12]
	at org.junit.runners.model.FrameworkMethod.invokeExplosively(FrameworkMethod.java:47) [junit-4.12.jar:4.12]
	at org.junit.internal.runners.statements.InvokeMethod.evaluate(InvokeMethod.java:17) [junit-4.12.jar:4.12]
	at org.junit.runners.ParentRunner.runLeaf(ParentRunner.java:325) [junit-4.12.jar:4.12]
	at org.junit.runners.BlockJUnit4ClassRunner.runChild(BlockJUnit4ClassRunner.java:78) [junit-4.12.jar:4.12]
	at org.junit.runners.BlockJUnit4ClassRunner.runChild(BlockJUnit4ClassRunner.java:57) [junit-4.12.jar:4.12]
	at org.junit.runners.ParentRunner$3.run(ParentRunner.java:290) [junit-4.12.jar:4.12]
	at org.junit.runners.ParentRunner$1.schedule(ParentRunner.java:71) [junit-4.12.jar:4.12]
	at org.junit.runners.ParentRunner.runChildren(ParentRunner.java:288) [junit-4.12.jar:4.12]
	at org.junit.runners.ParentRunner.access$000(ParentRunner.java:58) [junit-4.12.jar:4.12]
	at org.junit.runners.ParentRunner$2.evaluate(ParentRunner.java:268) [junit-4.12.jar:4.12]
	at org.junit.runners.ParentRunner.run(ParentRunner.java:363) [junit-4.12.jar:4.12]
	at org.eclipse.jdt.internal.junit4.runner.JUnit4TestReference.run(JUnit4TestReference.java:86) [.cp/:?]
	at org.eclipse.jdt.internal.junit.runner.TestExecution.run(TestExecution.java:38) [.cp/:?]
	at org.eclipse.jdt.internal.junit.runner.RemoteTestRunner.runTests(RemoteTestRunner.java:459) [.cp/:?]
	at org.eclipse.jdt.internal.junit.runner.RemoteTestRunner.runTests(RemoteTestRunner.java:675) [.cp/:?]
	at org.eclipse.jdt.internal.junit.runner.RemoteTestRunner.run(RemoteTestRunner.java:382) [.cp/:?]
	at org.eclipse.jdt.internal.junit.runner.RemoteTestRunner.main(RemoteTestRunner.java:192) [.cp/:?]
[TRACE] 2018-10-05 13:23:18.761 [main] DAOInterface - Interface started.
[TRACE] 2018-10-05 13:23:18.790 [main] DAOInterface - Objects builded.
[ERROR] 2018-10-05 13:23:26.368 [main] DAOInterface - DAOController failed.
java.lang.NullPointerException
	at com.input.CSVInputReader.loadModel(CSVInputReader.java:33) ~[classes/:?]
	at com.control.DAOGeneratorController.execute(DAOGeneratorController.java:38) ~[classes/:?]
	at com.control.DAOInterface.executeController(DAOInterface.java:138) [classes/:?]
	at test.TestRPGDAO.test_04_csv(TestRPGDAO.java:149) [test-classes/:?]
	at sun.reflect.NativeMethodAccessorImpl.invoke0(Native Method) ~[?:1.8.0_60]
	at sun.reflect.NativeMethodAccessorImpl.invoke(NativeMethodAccessorImpl.java:62) ~[?:1.8.0_60]
	at sun.reflect.DelegatingMethodAccessorImpl.invoke(DelegatingMethodAccessorImpl.java:43) ~[?:1.8.0_60]
	at java.lang.reflect.Method.invoke(Method.java:497) ~[?:1.8.0_60]
	at org.junit.runners.model.FrameworkMethod$1.runReflectiveCall(FrameworkMethod.java:50) [junit-4.12.jar:4.12]
	at org.junit.internal.runners.model.ReflectiveCallable.run(ReflectiveCallable.java:12) [junit-4.12.jar:4.12]
	at org.junit.runners.model.FrameworkMethod.invokeExplosively(FrameworkMethod.java:47) [junit-4.12.jar:4.12]
	at org.junit.internal.runners.statements.InvokeMethod.evaluate(InvokeMethod.java:17) [junit-4.12.jar:4.12]
	at org.junit.runners.ParentRunner.runLeaf(ParentRunner.java:325) [junit-4.12.jar:4.12]
	at org.junit.runners.BlockJUnit4ClassRunner.runChild(BlockJUnit4ClassRunner.java:78) [junit-4.12.jar:4.12]
	at org.junit.runners.BlockJUnit4ClassRunner.runChild(BlockJUnit4ClassRunner.java:57) [junit-4.12.jar:4.12]
	at org.junit.runners.ParentRunner$3.run(ParentRunner.java:290) [junit-4.12.jar:4.12]
	at org.junit.runners.ParentRunner$1.schedule(ParentRunner.java:71) [junit-4.12.jar:4.12]
	at org.junit.runners.ParentRunner.runChildren(ParentRunner.java:288) [junit-4.12.jar:4.12]
	at org.junit.runners.ParentRunner.access$000(ParentRunner.java:58) [junit-4.12.jar:4.12]
	at org.junit.runners.ParentRunner$2.evaluate(ParentRunner.java:268) [junit-4.12.jar:4.12]
	at org.junit.runners.ParentRunner.run(ParentRunner.java:363) [junit-4.12.jar:4.12]
	at org.eclipse.jdt.internal.junit4.runner.JUnit4TestReference.run(JUnit4TestReference.java:86) [.cp/:?]
	at org.eclipse.jdt.internal.junit.runner.TestExecution.run(TestExecution.java:38) [.cp/:?]
	at org.eclipse.jdt.internal.junit.runner.RemoteTestRunner.runTests(RemoteTestRunner.java:459) [.cp/:?]
	at org.eclipse.jdt.internal.junit.runner.RemoteTestRunner.runTests(RemoteTestRunner.java:675) [.cp/:?]
	at org.eclipse.jdt.internal.junit.runner.RemoteTestRunner.run(RemoteTestRunner.java:382) [.cp/:?]
	at org.eclipse.jdt.internal.junit.runner.RemoteTestRunner.main(RemoteTestRunner.java:192) [.cp/:?]
[TRACE] 2018-10-05 13:24:25.671 [main] DAOInterface - Interface started.
[TRACE] 2018-10-05 13:24:25.696 [main] DAOInterface - Objects builded.
[TRACE] 2018-10-05 13:24:32.780 [main] CSVInputReader - CSV File Input 
[ERROR] 2018-10-05 13:24:39.435 [main] DAOInterface - DAOController failed.
java.lang.IllegalArgumentException: Index for header 'type' is 1 but CSVRecord only has 1 values!
	at org.apache.commons.csv.CSVRecord.get(CSVRecord.java:110) ~[commons-csv-1.1.jar:1.1]
	at com.input.CSVInputReader.loadModel(CSVInputReader.java:44) ~[classes/:?]
	at com.control.DAOGeneratorController.execute(DAOGeneratorController.java:38) ~[classes/:?]
	at com.control.DAOInterface.executeController(DAOInterface.java:138) [classes/:?]
	at test.TestRPGDAO.test_04_csv(TestRPGDAO.java:149) [test-classes/:?]
	at sun.reflect.NativeMethodAccessorImpl.invoke0(Native Method) ~[?:1.8.0_60]
	at sun.reflect.NativeMethodAccessorImpl.invoke(NativeMethodAccessorImpl.java:62) ~[?:1.8.0_60]
	at sun.reflect.DelegatingMethodAccessorImpl.invoke(DelegatingMethodAccessorImpl.java:43) ~[?:1.8.0_60]
	at java.lang.reflect.Method.invoke(Method.java:497) ~[?:1.8.0_60]
	at org.junit.runners.model.FrameworkMethod$1.runReflectiveCall(FrameworkMethod.java:50) [junit-4.12.jar:4.12]
	at org.junit.internal.runners.model.ReflectiveCallable.run(ReflectiveCallable.java:12) [junit-4.12.jar:4.12]
	at org.junit.runners.model.FrameworkMethod.invokeExplosively(FrameworkMethod.java:47) [junit-4.12.jar:4.12]
	at org.junit.internal.runners.statements.InvokeMethod.evaluate(InvokeMethod.java:17) [junit-4.12.jar:4.12]
	at org.junit.runners.ParentRunner.runLeaf(ParentRunner.java:325) [junit-4.12.jar:4.12]
	at org.junit.runners.BlockJUnit4ClassRunner.runChild(BlockJUnit4ClassRunner.java:78) [junit-4.12.jar:4.12]
	at org.junit.runners.BlockJUnit4ClassRunner.runChild(BlockJUnit4ClassRunner.java:57) [junit-4.12.jar:4.12]
	at org.junit.runners.ParentRunner$3.run(ParentRunner.java:290) [junit-4.12.jar:4.12]
	at org.junit.runners.ParentRunner$1.schedule(ParentRunner.java:71) [junit-4.12.jar:4.12]
	at org.junit.runners.ParentRunner.runChildren(ParentRunner.java:288) [junit-4.12.jar:4.12]
	at org.junit.runners.ParentRunner.access$000(ParentRunner.java:58) [junit-4.12.jar:4.12]
	at org.junit.runners.ParentRunner$2.evaluate(ParentRunner.java:268) [junit-4.12.jar:4.12]
	at org.junit.runners.ParentRunner.run(ParentRunner.java:363) [junit-4.12.jar:4.12]
	at org.eclipse.jdt.internal.junit4.runner.JUnit4TestReference.run(JUnit4TestReference.java:86) [.cp/:?]
	at org.eclipse.jdt.internal.junit.runner.TestExecution.run(TestExecution.java:38) [.cp/:?]
	at org.eclipse.jdt.internal.junit.runner.RemoteTestRunner.runTests(RemoteTestRunner.java:459) [.cp/:?]
	at org.eclipse.jdt.internal.junit.runner.RemoteTestRunner.runTests(RemoteTestRunner.java:675) [.cp/:?]
	at org.eclipse.jdt.internal.junit.runner.RemoteTestRunner.run(RemoteTestRunner.java:382) [.cp/:?]
	at org.eclipse.jdt.internal.junit.runner.RemoteTestRunner.main(RemoteTestRunner.java:192) [.cp/:?]
[TRACE] 2018-10-05 13:25:11.838 [main] DAOInterface - Interface started.
[TRACE] 2018-10-05 13:25:11.865 [main] DAOInterface - Objects builded.
[TRACE] 2018-10-05 13:25:17.398 [main] CSVInputReader - CSV File Input 
[TRACE] 2018-10-05 13:28:06.232 [main] DAOInterface - Interface started.
[TRACE] 2018-10-05 13:28:06.258 [main] DAOInterface - Objects builded.
[TRACE] 2018-10-05 13:28:11.373 [main] CSVInputReader - CSV File Input 
[TRACE] 2018-10-05 13:29:25.285 [main] DAOInterface - Interface started.
[TRACE] 2018-10-05 13:29:25.308 [main] DAOInterface - Objects builded.
[TRACE] 2018-10-05 13:29:30.440 [main] CSVInputReader - CSV File Input 
[TRACE] 2018-10-05 13:29:44.066 [main] CSVInputReader - DAOModel_CIFPAR Added field: legalType|type=char|length=1|decimals=
[TRACE] 2018-10-05 13:29:47.082 [main] CSVInputReader - DAOModel_CIFPAR Added field: residencyCountryCode|type=char|length=3|decimals=
[TRACE] 2018-10-05 13:29:49.953 [main] CSVInputReader - DAOModel_CIFPAR Added field: homePhoneNumber|type=zoned|length=11|decimals=
[TRACE] 2018-10-05 13:29:53.346 [main] CSVInputReader - DAOModel_CIFPAR Added field: birthDate|type=date|length=|decimals=
[TRACE] 2018-10-05 13:32:28.035 [main] DAOInterface - Interface started.
[TRACE] 2018-10-05 13:32:28.054 [main] DAOInterface - Objects builded.
[TRACE] 2018-10-05 13:32:28.055 [main] CSVInputReader - CSV File Input 
[TRACE] 2018-10-05 13:32:28.060 [main] CSVInputReader - DAOModel_CIFPAR Added field: legalType|type=char|length=1|decimals=
[TRACE] 2018-10-05 13:32:28.060 [main] CSVInputReader - DAOModel_CIFPAR Added field: residencyCountryCode|type=char|length=3|decimals=
[TRACE] 2018-10-05 13:32:28.060 [main] CSVInputReader - DAOModel_CIFPAR Added field: homePhoneNumber|type=zoned|length=11|decimals=
[TRACE] 2018-10-05 13:32:28.060 [main] CSVInputReader - DAOModel_CIFPAR Added field: birthDate|type=date|length=|decimals=
[TRACE] 2018-10-05 13:32:28.199 [main] DAOInterface - DAOController finished.
[TRACE] 2018-10-05 13:33:04.338 [main] DAOInterface - Interface started.
[TRACE] 2018-10-05 13:33:04.357 [main] DAOInterface - Objects builded.
[TRACE] 2018-10-05 13:33:04.358 [main] CSVInputReader - CSV File Input 
[TRACE] 2018-10-05 13:33:04.363 [main] CSVInputReader - DAOModel_CIFPAR Added field: legalType|type=char|length=1|decimals=
[TRACE] 2018-10-05 13:33:04.363 [main] CSVInputReader - DAOModel_CIFPAR Added field: residencyCountryCode|type=char|length=3|decimals=
[TRACE] 2018-10-05 13:33:04.363 [main] CSVInputReader - DAOModel_CIFPAR Added field: homePhoneNumber|type=zoned|length=11|decimals=
[TRACE] 2018-10-05 13:33:04.363 [main] CSVInputReader - DAOModel_CIFPAR Added field: birthDate|type=date|length=|decimals=
[TRACE] 2018-10-05 13:33:04.492 [main] DAOInterface - DAOController finished.
[TRACE] 2018-10-05 13:34:28.466 [main] DAOInterface - Interface started.
[TRACE] 2018-10-05 13:34:28.485 [main] DAOInterface - Objects builded.
[TRACE] 2018-10-05 13:34:28.486 [main] CSVInputReader - CSV File Input 
[TRACE] 2018-10-05 13:34:28.491 [main] CSVInputReader - DAOModel_CIFPAR Added field: legalType|type=char|length=1|decimals=
[TRACE] 2018-10-05 13:34:28.491 [main] CSVInputReader - DAOModel_CIFPAR Added field: residencyCountryCode|type=char|length=3|decimals=
[TRACE] 2018-10-05 13:34:28.491 [main] CSVInputReader - DAOModel_CIFPAR Added field: homePhoneNumber|type=zoned|length=11|decimals=
[TRACE] 2018-10-05 13:34:28.491 [main] CSVInputReader - DAOModel_CIFPAR Added field: birthDate|type=date|length=|decimals=
[TRACE] 2018-10-05 13:34:28.621 [main] DAOInterface - DAOController finished.
[TRACE] 2018-10-05 13:34:58.035 [main] DAOInterface - Interface started.
[TRACE] 2018-10-05 13:34:58.056 [main] DAOInterface - Objects builded.
[TRACE] 2018-10-05 13:34:58.057 [main] CSVInputReader - CSV File Input 
[TRACE] 2018-10-05 13:34:58.061 [main] CSVInputReader - DAOModel_CIFPAR Added field: legalType|type=char|length=1|decimals=
[TRACE] 2018-10-05 13:34:58.061 [main] CSVInputReader - DAOModel_CIFPAR Added field: residencyCountryCode|type=char|length=3|decimals=
[TRACE] 2018-10-05 13:34:58.061 [main] CSVInputReader - DAOModel_CIFPAR Added field: homePhoneNumber|type=zoned|length=11|decimals=
[TRACE] 2018-10-05 13:34:58.062 [main] CSVInputReader - DAOModel_CIFPAR Added field: birthDate|type=date|length=|decimals=
[TRACE] 2018-10-05 13:34:58.205 [main] DAOInterface - DAOController finished.
[TRACE] 2018-10-05 13:45:25.287 [main] DAOInterface - Interface started.
[TRACE] 2018-10-05 13:45:25.307 [main] DAOInterface - Objects builded.
[TRACE] 2018-10-05 13:45:25.308 [main] CSVInputReader - CSV File Input 
[TRACE] 2018-10-05 13:45:25.312 [main] CSVInputReader - DAOModel_CIFPAR Added field: legalType|type=char|length=1|decimals=
[TRACE] 2018-10-05 13:45:25.312 [main] CSVInputReader - DAOModel_CIFPAR Added field: residencyCountryCode|type=char|length=3|decimals=
[TRACE] 2018-10-05 13:45:25.313 [main] CSVInputReader - DAOModel_CIFPAR Added field: homePhoneNumber|type=zoned|length=11|decimals=
[TRACE] 2018-10-05 13:45:25.313 [main] CSVInputReader - DAOModel_CIFPAR Added field: birthDate|type=date|length=|decimals=
[TRACE] 2018-10-05 13:45:25.459 [main] DAOInterface - DAOController finished.
[TRACE] 2018-10-05 13:46:05.909 [main] DAOInterface - Interface started.
[TRACE] 2018-10-05 13:46:05.929 [main] DAOInterface - Objects builded.
[TRACE] 2018-10-05 13:46:05.930 [main] CSVInputReader - CSV File Input 
[TRACE] 2018-10-05 13:46:05.934 [main] CSVInputReader - DAOModel_CIFPAR Added field: legalType|type=char|length=1|decimals=
[TRACE] 2018-10-05 13:46:05.934 [main] CSVInputReader - DAOModel_CIFPAR Added field: residencyCountryCode|type=char|length=3|decimals=
[TRACE] 2018-10-05 13:46:05.934 [main] CSVInputReader - DAOModel_CIFPAR Added field: homePhoneNumber|type=zoned|length=11|decimals=
[TRACE] 2018-10-05 13:46:05.934 [main] CSVInputReader - DAOModel_CIFPAR Added field: birthDate|type=date|length=|decimals=
[TRACE] 2018-10-05 13:46:06.066 [main] DAOInterface - DAOController finished.
[TRACE] 2018-10-05 13:47:36.434 [main] DAOInterface - Interface started.
[TRACE] 2018-10-05 13:47:36.458 [main] DAOInterface - Objects builded.
[TRACE] 2018-10-05 13:47:36.459 [main] CSVInputReader - CSV File Input 
[TRACE] 2018-10-05 13:47:36.464 [main] CSVInputReader - DAOModel_CIFPAR Added field: legalType|type=char|length=1|decimals=
[TRACE] 2018-10-05 13:47:36.464 [main] CSVInputReader - DAOModel_CIFPAR Added field: residencyCountryCode|type=char|length=3|decimals=
[TRACE] 2018-10-05 13:47:36.464 [main] CSVInputReader - DAOModel_CIFPAR Added field: homePhoneNumber|type=zoned|length=11|decimals=
[TRACE] 2018-10-05 13:47:36.464 [main] CSVInputReader - DAOModel_CIFPAR Added field: birthDate|type=date|length=|decimals=
[TRACE] 2018-10-05 13:47:36.591 [main] DAOInterface - DAOController finished.
[TRACE] 2018-10-05 13:50:47.403 [main] DAOInterface - Interface started.
[TRACE] 2018-10-05 13:50:47.422 [main] DAOInterface - Objects builded.
[TRACE] 2018-10-05 13:50:47.423 [main] CSVInputReader - CSV File Input 
[TRACE] 2018-10-05 13:50:47.427 [main] CSVInputReader - DAOModel_CIFPAR Added field: legalType|type=char|length=1|decimals=
[TRACE] 2018-10-05 13:50:47.427 [main] CSVInputReader - DAOModel_CIFPAR Added field: residencyCountryCode|type=char|length=3|decimals=
[TRACE] 2018-10-05 13:50:47.427 [main] CSVInputReader - DAOModel_CIFPAR Added field: homePhoneNumber|type=zoned|length=11|decimals=
[TRACE] 2018-10-05 13:50:47.427 [main] CSVInputReader - DAOModel_CIFPAR Added field: birthDate|type=date|length=|decimals=
[TRACE] 2018-10-05 13:50:47.557 [main] DAOInterface - DAOController finished.
[TRACE] 2018-10-05 13:51:58.019 [main] DAOInterface - Interface started.
[TRACE] 2018-10-05 13:51:58.040 [main] DAOInterface - Objects builded.
[TRACE] 2018-10-05 13:51:58.042 [main] CSVInputReader - CSV File Input 
[TRACE] 2018-10-05 13:51:58.047 [main] CSVInputReader - DAOModel_CIFPAR Added field: legalType|type=char|length=1|decimals=
[TRACE] 2018-10-05 13:51:58.047 [main] CSVInputReader - DAOModel_CIFPAR Added field: residencyCountryCode|type=char|length=3|decimals=
[TRACE] 2018-10-05 13:51:58.048 [main] CSVInputReader - DAOModel_CIFPAR Added field: homePhoneNumber|type=zoned|length=11|decimals=
[TRACE] 2018-10-05 13:51:58.048 [main] CSVInputReader - DAOModel_CIFPAR Added field: birthDate|type=date|length=|decimals=
[TRACE] 2018-10-05 13:51:58.197 [main] DAOInterface - DAOController finished.
[TRACE] 2018-10-05 13:55:32.227 [main] DAOInterface - Interface started.
[TRACE] 2018-10-05 13:55:32.249 [main] DAOInterface - Objects builded.
[TRACE] 2018-10-05 13:55:38.365 [main] CSVInputReader - CSV File Input 
[TRACE] 2018-10-05 13:55:38.371 [main] CSVInputReader - DAOModel_CIFPAR Added field: legalType|type=char|length=1|decimals=
[TRACE] 2018-10-05 13:55:38.372 [main] CSVInputReader - DAOModel_CIFPAR Added field: residencyCountryCode|type=char|length=3|decimals=
[TRACE] 2018-10-05 13:55:38.372 [main] CSVInputReader - DAOModel_CIFPAR Added field: homePhoneNumber|type=zoned|length=11|decimals=
[TRACE] 2018-10-05 13:55:38.372 [main] CSVInputReader - DAOModel_CIFPAR Added field: birthDate|type=date|length=|decimals=
[TRACE] 2018-10-05 13:56:41.914 [main] DAOInterface - DAOController finished.
[TRACE] 2018-10-05 13:57:24.904 [main] DAOInterface - Interface started.
[TRACE] 2018-10-05 13:57:24.925 [main] DAOInterface - Objects builded.
[TRACE] 2018-10-05 13:57:24.926 [main] CSVInputReader - CSV File Input 
[TRACE] 2018-10-05 13:57:24.931 [main] CSVInputReader - DAOModel_CIFPAR Added field: legalType|type=char|length=1|decimals=
[TRACE] 2018-10-05 13:57:24.931 [main] CSVInputReader - DAOModel_CIFPAR Added field: residencyCountryCode|type=char|length=3|decimals=
[TRACE] 2018-10-05 13:57:24.931 [main] CSVInputReader - DAOModel_CIFPAR Added field: homePhoneNumber|type=zoned|length=11|decimals=
[TRACE] 2018-10-05 13:57:24.931 [main] CSVInputReader - DAOModel_CIFPAR Added field: birthDate|type=date|length=|decimals=
[TRACE] 2018-10-05 13:57:25.066 [main] DAOInterface - DAOController finished.
[TRACE] 2018-10-05 13:59:01.063 [main] DAOInterface - Interface started.
[TRACE] 2018-10-05 13:59:01.086 [main] DAOInterface - Objects builded.
[TRACE] 2018-10-05 13:59:03.194 [main] CSVInputReader - CSV File Input 
[TRACE] 2018-10-05 13:59:03.225 [main] CSVInputReader - DAOModel_CIFPAR Added field: legalType|type=char|length=1|decimals=
[TRACE] 2018-10-05 13:59:03.226 [main] CSVInputReader - DAOModel_CIFPAR Added field: residencyCountryCode|type=char|length=3|decimals=
[TRACE] 2018-10-05 13:59:03.226 [main] CSVInputReader - DAOModel_CIFPAR Added field: homePhoneNumber|type=zoned|length=11|decimals=
[TRACE] 2018-10-05 13:59:03.226 [main] CSVInputReader - DAOModel_CIFPAR Added field: birthDate|type=date|length=|decimals=
[TRACE] 2018-10-05 13:59:40.134 [main] DAOInterface - DAOController finished.
[TRACE] 2018-10-05 13:59:47.832 [main] DAOInterface - Interface started.
[TRACE] 2018-10-05 13:59:47.904 [main] DAOInterface - Objects builded.
[TRACE] 2018-10-05 13:59:49.565 [main] CSVInputReader - CSV File Input 
[TRACE] 2018-10-05 13:59:49.592 [main] CSVInputReader - DAOModel_CIFPAR Added field: legalType|type=char|length=1|decimals=
[TRACE] 2018-10-05 13:59:49.593 [main] CSVInputReader - DAOModel_CIFPAR Added field: residencyCountryCode|type=char|length=3|decimals=
[TRACE] 2018-10-05 13:59:49.594 [main] CSVInputReader - DAOModel_CIFPAR Added field: homePhoneNumber|type=zoned|length=11|decimals=
[TRACE] 2018-10-05 13:59:49.594 [main] CSVInputReader - DAOModel_CIFPAR Added field: birthDate|type=date|length=|decimals=
[TRACE] 2018-10-05 14:03:25.293 [main] DAOInterface - Interface started.
[TRACE] 2018-10-05 14:03:25.319 [main] DAOInterface - Objects builded.
[TRACE] 2018-10-05 14:03:27.667 [main] CSVInputReader - CSV File Input 
[TRACE] 2018-10-05 14:03:27.684 [main] CSVInputReader - DAOModel_CIFPAR Added field: legalType|type=char|length=1|decimals=
[TRACE] 2018-10-05 14:03:27.684 [main] CSVInputReader - DAOModel_CIFPAR Added field: residencyCountryCode|type=char|length=3|decimals=
[TRACE] 2018-10-05 14:03:27.684 [main] CSVInputReader - DAOModel_CIFPAR Added field: homePhoneNumber|type=zoned|length=11|decimals=
[TRACE] 2018-10-05 14:03:27.684 [main] CSVInputReader - DAOModel_CIFPAR Added field: birthDate|type=date|length=|decimals=
[TRACE] 2018-10-05 15:23:45.431 [main] DAOInterface - Interface started.
[TRACE] 2018-10-05 15:23:45.456 [main] DAOInterface - Objects builded.
[TRACE] 2018-10-05 15:26:23.063 [main] CSVInputReader - CSV File Input 
[TRACE] 2018-10-05 15:26:23.093 [main] CSVInputReader - DAOModel_CIFPAR Added field: legalType|type=char|length=1|decimals=
[TRACE] 2018-10-05 15:26:23.093 [main] CSVInputReader - DAOModel_CIFPAR Added field: residencyCountryCode|type=char|length=3|decimals=
[TRACE] 2018-10-05 15:26:23.093 [main] CSVInputReader - DAOModel_CIFPAR Added field: homePhoneNumber|type=zoned|length=11|decimals=
[TRACE] 2018-10-05 15:26:23.093 [main] CSVInputReader - DAOModel_CIFPAR Added field: birthDate|type=date|length=|decimals=
[TRACE] 2018-10-05 15:41:30.826 [main] DAOInterface - Interface started.
[TRACE] 2018-10-05 15:41:30.844 [main] DAOInterface - Objects builded.
[TRACE] 2018-10-05 15:41:30.845 [main] CSVInputReader - CSV File Input 
[TRACE] 2018-10-05 15:41:30.852 [main] CSVInputReader - DAOModel_CIFPAR Added field: legalType|type=char|length=1|decimals=
[TRACE] 2018-10-05 15:41:30.852 [main] CSVInputReader - DAOModel_CIFPAR Added field: residencyCountryCode|type=char|length=3|decimals=
[TRACE] 2018-10-05 15:41:30.852 [main] CSVInputReader - DAOModel_CIFPAR Added field: homePhoneNumber|type=zoned|length=11|decimals=
[TRACE] 2018-10-05 15:41:30.852 [main] CSVInputReader - DAOModel_CIFPAR Added field: birthDate|type=date|length=|decimals=
[TRACE] 2018-10-05 15:41:30.985 [main] DAOInterface - DAOController finished.
[TRACE] 2018-10-05 15:54:37.794 [main] DAOInterface - Interface started.
[TRACE] 2018-10-05 15:54:37.818 [main] DAOInterface - Objects builded.
[TRACE] 2018-10-05 15:54:37.820 [main] CSVInputReader - CSV File Input 
[TRACE] 2018-10-05 15:54:37.826 [main] CSVInputReader - DAOModel_CIFPAR Added field: legalType|type=char|length=1|decimals=
[TRACE] 2018-10-05 15:54:37.826 [main] CSVInputReader - DAOModel_CIFPAR Added field: residencyCountryCode|type=char|length=3|decimals=
[TRACE] 2018-10-05 15:54:37.826 [main] CSVInputReader - DAOModel_CIFPAR Added field: homePhoneNumber|type=zoned|length=11|decimals=
[TRACE] 2018-10-05 15:54:37.826 [main] CSVInputReader - DAOModel_CIFPAR Added field: birthDate|type=date|length=|decimals=
[TRACE] 2018-10-05 15:54:37.976 [main] DAOInterface - DAOController finished.
[TRACE] 2018-10-05 16:09:15.310 [main] DAOInterface - Interface started.
[TRACE] 2018-10-05 16:09:15.330 [main] DAOInterface - Objects builded.
[TRACE] 2018-10-05 16:09:15.331 [main] CSVInputReader - CSV File Input 
[TRACE] 2018-10-05 16:09:15.335 [main] CSVInputReader - DAOModel_CIFPAR Added field: legalType|type=char|length=1|decimals=
[TRACE] 2018-10-05 16:09:15.336 [main] CSVInputReader - DAOModel_CIFPAR Added field: residencyCountryCode|type=char|length=3|decimals=
[TRACE] 2018-10-05 16:09:15.336 [main] CSVInputReader - DAOModel_CIFPAR Added field: homePhoneNumber|type=zoned|length=11|decimals=
[TRACE] 2018-10-05 16:09:15.336 [main] CSVInputReader - DAOModel_CIFPAR Added field: birthDate|type=date|length=|decimals=
[TRACE] 2018-10-05 16:09:15.464 [main] DAOInterface - DAOController finished.
[TRACE] 2018-10-05 16:12:38.493 [main] DAOInterface - Interface started.
[TRACE] 2018-10-05 16:12:38.512 [main] DAOInterface - Objects builded.
[TRACE] 2018-10-05 16:12:38.513 [main] CSVInputReader - CSV File Input 
[TRACE] 2018-10-05 16:12:38.517 [main] CSVInputReader - DAOModel_CIFPAR Added field: legalType|type=char|length=1|decimals=
[TRACE] 2018-10-05 16:12:38.517 [main] CSVInputReader - DAOModel_CIFPAR Added field: residencyCountryCode|type=char|length=3|decimals=
[TRACE] 2018-10-05 16:12:38.517 [main] CSVInputReader - DAOModel_CIFPAR Added field: homePhoneNumber|type=zoned|length=11|decimals=
[TRACE] 2018-10-05 16:12:38.518 [main] CSVInputReader - DAOModel_CIFPAR Added field: birthDate|type=date|length=|decimals=
[TRACE] 2018-10-05 16:12:38.650 [main] DAOInterface - DAOController finished.
[TRACE] 2018-10-05 16:13:50.001 [main] DAOInterface - Interface started.
[TRACE] 2018-10-05 16:13:50.020 [main] DAOInterface - Objects builded.
[TRACE] 2018-10-05 16:13:50.022 [main] CSVInputReader - CSV File Input 
[TRACE] 2018-10-05 16:13:50.027 [main] CSVInputReader - DAOModel_CIFPAR Added field: legalType|type=char|length=1|decimals=
[TRACE] 2018-10-05 16:13:50.027 [main] CSVInputReader - DAOModel_CIFPAR Added field: residencyCountryCode|type=char|length=3|decimals=
[TRACE] 2018-10-05 16:13:50.027 [main] CSVInputReader - DAOModel_CIFPAR Added field: homePhoneNumber|type=zoned|length=11|decimals=
[TRACE] 2018-10-05 16:13:50.027 [main] CSVInputReader - DAOModel_CIFPAR Added field: birthDate|type=date|length=|decimals=
[TRACE] 2018-10-05 16:13:50.180 [main] DAOInterface - DAOController finished.
[TRACE] 2018-10-05 16:14:47.492 [main] DAOInterface - Interface started.
[TRACE] 2018-10-05 16:14:47.514 [main] DAOInterface - Objects builded.
[TRACE] 2018-10-05 16:14:47.515 [main] CSVInputReader - CSV File Input 
[TRACE] 2018-10-05 16:14:47.520 [main] CSVInputReader - DAOModel_CIFPAR Added field: legalType|type=char|length=1|decimals=
[TRACE] 2018-10-05 16:14:47.521 [main] CSVInputReader - DAOModel_CIFPAR Added field: residencyCountryCode|type=char|length=3|decimals=
[TRACE] 2018-10-05 16:14:47.521 [main] CSVInputReader - DAOModel_CIFPAR Added field: homePhoneNumber|type=zoned|length=11|decimals=
[TRACE] 2018-10-05 16:14:47.521 [main] CSVInputReader - DAOModel_CIFPAR Added field: birthDate|type=date|length=|decimals=
[TRACE] 2018-10-05 16:14:47.647 [main] DAOInterface - DAOController finished.
[TRACE] 2018-10-05 16:16:04.364 [main] DAOInterface - Interface started.
[TRACE] 2018-10-05 16:16:04.383 [main] DAOInterface - Objects builded.
[TRACE] 2018-10-05 16:16:04.384 [main] CSVInputReader - CSV File Input 
[TRACE] 2018-10-05 16:16:04.389 [main] CSVInputReader - DAOModel_CIFPAR Added field: legalType|type=char|length=1|decimals=
[TRACE] 2018-10-05 16:16:04.389 [main] CSVInputReader - DAOModel_CIFPAR Added field: residencyCountryCode|type=char|length=3|decimals=
[TRACE] 2018-10-05 16:16:04.389 [main] CSVInputReader - DAOModel_CIFPAR Added field: homePhoneNumber|type=zoned|length=11|decimals=
[TRACE] 2018-10-05 16:16:04.389 [main] CSVInputReader - DAOModel_CIFPAR Added field: birthDate|type=date|length=|decimals=
[TRACE] 2018-10-05 16:16:04.519 [main] DAOInterface - DAOController finished.
[TRACE] 2018-10-05 16:16:49.463 [main] DAOInterface - Interface started.
[TRACE] 2018-10-05 16:16:49.483 [main] DAOInterface - Objects builded.
[TRACE] 2018-10-05 16:16:49.485 [main] CSVInputReader - CSV File Input 
[TRACE] 2018-10-05 16:16:49.491 [main] CSVInputReader - DAOModel_CIFPAR Added field: legalType|type=char|length=1|decimals=
[TRACE] 2018-10-05 16:16:49.491 [main] CSVInputReader - DAOModel_CIFPAR Added field: residencyCountryCode|type=char|length=3|decimals=
[TRACE] 2018-10-05 16:16:49.491 [main] CSVInputReader - DAOModel_CIFPAR Added field: homePhoneNumber|type=zoned|length=11|decimals=
[TRACE] 2018-10-05 16:16:49.492 [main] CSVInputReader - DAOModel_CIFPAR Added field: birthDate|type=date|length=|decimals=
[TRACE] 2018-10-05 16:16:49.636 [main] DAOInterface - DAOController finished.
[TRACE] 2018-10-05 16:18:52.434 [main] DAOInterface - Interface started.
[TRACE] 2018-10-05 16:18:52.453 [main] DAOInterface - Objects builded.
[TRACE] 2018-10-05 16:18:52.454 [main] CSVInputReader - CSV File Input 
[TRACE] 2018-10-05 16:18:52.458 [main] CSVInputReader - DAOModel_CIFPAR Added field: legalType|type=char|length=1|decimals=
[TRACE] 2018-10-05 16:18:52.458 [main] CSVInputReader - DAOModel_CIFPAR Added field: residencyCountryCode|type=char|length=3|decimals=
[TRACE] 2018-10-05 16:18:52.458 [main] CSVInputReader - DAOModel_CIFPAR Added field: homePhoneNumber|type=zoned|length=11|decimals=
[TRACE] 2018-10-05 16:18:52.458 [main] CSVInputReader - DAOModel_CIFPAR Added field: birthDate|type=date|length=|decimals=
[TRACE] 2018-10-05 16:18:52.590 [main] DAOInterface - DAOController finished.
[TRACE] 2018-10-05 16:26:38.073 [main] DAOInterface - Interface started.
[TRACE] 2018-10-05 16:26:38.097 [main] DAOInterface - Objects builded.
[TRACE] 2018-10-05 16:26:38.098 [main] CSVInputReader - CSV File Input 
[TRACE] 2018-10-05 16:26:38.103 [main] CSVInputReader - DAOModel_CIFPAR Added field: legalType|type=char|length=1|decimals=
[TRACE] 2018-10-05 16:26:38.104 [main] CSVInputReader - DAOModel_CIFPAR Added field: residencyCountryCode|type=char|length=3|decimals=
[TRACE] 2018-10-05 16:26:38.104 [main] CSVInputReader - DAOModel_CIFPAR Added field: homePhoneNumber|type=zoned|length=11|decimals=
[TRACE] 2018-10-05 16:26:38.104 [main] CSVInputReader - DAOModel_CIFPAR Added field: birthDate|type=date|length=|decimals=
[TRACE] 2018-10-05 16:26:38.239 [main] DAOInterface - DAOController finished.
[TRACE] 2018-10-05 16:28:42.022 [main] DAOInterface - Interface started.
[TRACE] 2018-10-05 16:28:42.042 [main] DAOInterface - Objects builded.
[TRACE] 2018-10-05 16:28:42.044 [main] CSVInputReader - CSV File Input 
[TRACE] 2018-10-05 16:28:42.048 [main] CSVInputReader - DAOModel_CIFPAR Added field: legalType|type=char|length=1|decimals=
[TRACE] 2018-10-05 16:28:42.048 [main] CSVInputReader - DAOModel_CIFPAR Added field: residencyCountryCode|type=char|length=3|decimals=
[TRACE] 2018-10-05 16:28:42.048 [main] CSVInputReader - DAOModel_CIFPAR Added field: homePhoneNumber|type=zoned|length=11|decimals=
[TRACE] 2018-10-05 16:28:42.048 [main] CSVInputReader - DAOModel_CIFPAR Added field: birthDate|type=date|length=|decimals=
[TRACE] 2018-10-05 16:28:42.175 [main] DAOInterface - DAOController finished.
[TRACE] 2018-10-05 16:30:47.382 [main] DAOInterface - Interface started.
[TRACE] 2018-10-05 16:30:47.403 [main] DAOInterface - Objects builded.
[TRACE] 2018-10-05 16:30:47.404 [main] CSVInputReader - CSV File Input 
[TRACE] 2018-10-05 16:30:47.408 [main] CSVInputReader - DAOModel_CIFPAR Added field: legalType|type=char|length=1|decimals=
[TRACE] 2018-10-05 16:30:47.409 [main] CSVInputReader - DAOModel_CIFPAR Added field: residencyCountryCode|type=char|length=3|decimals=
[TRACE] 2018-10-05 16:30:47.409 [main] CSVInputReader - DAOModel_CIFPAR Added field: homePhoneNumber|type=zoned|length=11|decimals=
[TRACE] 2018-10-05 16:30:47.409 [main] CSVInputReader - DAOModel_CIFPAR Added field: birthDate|type=date|length=|decimals=
[TRACE] 2018-10-05 16:30:47.546 [main] DAOInterface - DAOController finished.
[TRACE] 2018-10-05 16:31:38.070 [main] DAOInterface - Interface started.
[TRACE] 2018-10-05 16:31:38.090 [main] DAOInterface - Objects builded.
[TRACE] 2018-10-05 16:31:38.091 [main] CSVInputReader - CSV File Input 
[TRACE] 2018-10-05 16:31:38.096 [main] CSVInputReader - DAOModel_CIFPAR Added field: legalType|type=char|length=1|decimals=
[TRACE] 2018-10-05 16:31:38.096 [main] CSVInputReader - DAOModel_CIFPAR Added field: residencyCountryCode|type=char|length=3|decimals=
[TRACE] 2018-10-05 16:31:38.096 [main] CSVInputReader - DAOModel_CIFPAR Added field: homePhoneNumber|type=zoned|length=11|decimals=
[TRACE] 2018-10-05 16:31:38.096 [main] CSVInputReader - DAOModel_CIFPAR Added field: birthDate|type=date|length=|decimals=
[TRACE] 2018-10-05 16:31:38.226 [main] DAOInterface - DAOController finished.
[TRACE] 2018-10-05 16:33:36.087 [main] DAOInterface - Interface started.
[TRACE] 2018-10-05 16:33:36.105 [main] DAOInterface - Objects builded.
[TRACE] 2018-10-05 16:33:36.106 [main] CSVInputReader - CSV File Input 
[TRACE] 2018-10-05 16:33:36.110 [main] CSVInputReader - DAOModel_CIFPAR Added field: legalType|type=char|length=1|decimals=
[TRACE] 2018-10-05 16:33:36.110 [main] CSVInputReader - DAOModel_CIFPAR Added field: residencyCountryCode|type=char|length=3|decimals=
[TRACE] 2018-10-05 16:33:36.110 [main] CSVInputReader - DAOModel_CIFPAR Added field: homePhoneNumber|type=zoned|length=11|decimals=
[TRACE] 2018-10-05 16:33:36.110 [main] CSVInputReader - DAOModel_CIFPAR Added field: birthDate|type=date|length=|decimals=
[TRACE] 2018-10-05 16:33:36.240 [main] DAOInterface - DAOController finished.
[TRACE] 2018-10-05 16:37:54.479 [main] DAOInterface - Interface started.
[TRACE] 2018-10-05 16:37:54.500 [main] DAOInterface - Objects builded.
[TRACE] 2018-10-05 16:37:54.501 [main] CSVInputReader - CSV File Input 
[TRACE] 2018-10-05 16:37:54.506 [main] CSVInputReader - DAOModel_CIFPAR Added field: legalType|type=char|length=1|decimals=
[TRACE] 2018-10-05 16:37:54.506 [main] CSVInputReader - DAOModel_CIFPAR Added field: residencyCountryCode|type=char|length=3|decimals=
[TRACE] 2018-10-05 16:37:54.506 [main] CSVInputReader - DAOModel_CIFPAR Added field: homePhoneNumber|type=zoned|length=11|decimals=
[TRACE] 2018-10-05 16:37:54.506 [main] CSVInputReader - DAOModel_CIFPAR Added field: birthDate|type=date|length=|decimals=
[TRACE] 2018-10-05 16:37:54.650 [main] DAOInterface - DAOController finished.
[TRACE] 2018-10-05 16:41:23.435 [main] DAOInterface - Interface started.
[TRACE] 2018-10-05 16:41:23.454 [main] DAOInterface - Objects builded.
[TRACE] 2018-10-05 16:41:23.455 [main] CSVInputReader - CSV File Input 
[TRACE] 2018-10-05 16:41:23.459 [main] CSVInputReader - DAOModel_CIFPAR Added field: legalType|type=char|length=1|decimals=
[TRACE] 2018-10-05 16:41:23.459 [main] CSVInputReader - DAOModel_CIFPAR Added field: residencyCountryCode|type=char|length=3|decimals=
[TRACE] 2018-10-05 16:41:23.459 [main] CSVInputReader - DAOModel_CIFPAR Added field: homePhoneNumber|type=zoned|length=11|decimals=
[TRACE] 2018-10-05 16:41:23.459 [main] CSVInputReader - DAOModel_CIFPAR Added field: birthDate|type=date|length=|decimals=
[TRACE] 2018-10-05 16:41:23.585 [main] DAOInterface - DAOController finished.
[TRACE] 2018-10-05 16:41:55.586 [main] DAOInterface - Interface started.
[TRACE] 2018-10-05 16:41:55.606 [main] DAOInterface - Objects builded.
[TRACE] 2018-10-05 16:41:55.607 [main] CSVInputReader - CSV File Input 
[TRACE] 2018-10-05 16:41:55.611 [main] CSVInputReader - DAOModel_CIFPAR Added field: legalType|type=char|length=1|decimals=
[TRACE] 2018-10-05 16:41:55.611 [main] CSVInputReader - DAOModel_CIFPAR Added field: residencyCountryCode|type=char|length=3|decimals=
[TRACE] 2018-10-05 16:41:55.611 [main] CSVInputReader - DAOModel_CIFPAR Added field: homePhoneNumber|type=zoned|length=11|decimals=
[TRACE] 2018-10-05 16:41:55.611 [main] CSVInputReader - DAOModel_CIFPAR Added field: birthDate|type=date|length=|decimals=
[TRACE] 2018-10-05 16:41:55.754 [main] DAOInterface - DAOController finished.
[TRACE] 2018-10-05 16:42:27.891 [main] DAOInterface - Interface started.
[TRACE] 2018-10-05 16:42:27.917 [main] DAOInterface - Objects builded.
[TRACE] 2018-10-05 16:42:27.918 [main] CSVInputReader - CSV File Input 
[TRACE] 2018-10-05 16:42:27.924 [main] CSVInputReader - DAOModel_CIFPAR Added field: legalType|type=char|length=1|decimals=
[TRACE] 2018-10-05 16:42:27.924 [main] CSVInputReader - DAOModel_CIFPAR Added field: residencyCountryCode|type=char|length=3|decimals=
[TRACE] 2018-10-05 16:42:27.924 [main] CSVInputReader - DAOModel_CIFPAR Added field: homePhoneNumber|type=zoned|length=11|decimals=
[TRACE] 2018-10-05 16:42:27.924 [main] CSVInputReader - DAOModel_CIFPAR Added field: birthDate|type=date|length=|decimals=
[TRACE] 2018-10-05 16:42:28.066 [main] DAOInterface - DAOController finished.
[TRACE] 2018-10-05 16:42:52.186 [main] DAOInterface - Interface started.
[TRACE] 2018-10-05 16:42:52.204 [main] DAOInterface - Objects builded.
[TRACE] 2018-10-05 16:42:52.205 [main] CSVInputReader - CSV File Input 
[TRACE] 2018-10-05 16:42:52.210 [main] CSVInputReader - DAOModel_CIFPAR Added field: legalType|type=char|length=1|decimals=
[TRACE] 2018-10-05 16:42:52.210 [main] CSVInputReader - DAOModel_CIFPAR Added field: residencyCountryCode|type=char|length=3|decimals=
[TRACE] 2018-10-05 16:42:52.210 [main] CSVInputReader - DAOModel_CIFPAR Added field: homePhoneNumber|type=zoned|length=11|decimals=
[TRACE] 2018-10-05 16:42:52.210 [main] CSVInputReader - DAOModel_CIFPAR Added field: birthDate|type=date|length=|decimals=
[TRACE] 2018-10-05 16:42:52.357 [main] DAOInterface - DAOController finished.
[TRACE] 2018-10-05 16:44:49.031 [main] DAOInterface - Interface started.
[TRACE] 2018-10-05 16:44:49.053 [main] DAOInterface - Objects builded.
[TRACE] 2018-10-05 16:44:49.054 [main] CSVInputReader - CSV File Input 
[TRACE] 2018-10-05 16:44:49.058 [main] CSVInputReader - DAOModel_CIFPAR Added field: legalType|type=char|length=1|decimals=
[TRACE] 2018-10-05 16:44:49.058 [main] CSVInputReader - DAOModel_CIFPAR Added field: residencyCountryCode|type=char|length=3|decimals=
[TRACE] 2018-10-05 16:44:49.058 [main] CSVInputReader - DAOModel_CIFPAR Added field: homePhoneNumber|type=zoned|length=11|decimals=
[TRACE] 2018-10-05 16:44:49.058 [main] CSVInputReader - DAOModel_CIFPAR Added field: birthDate|type=date|length=|decimals=
[TRACE] 2018-10-05 16:44:49.195 [main] DAOInterface - DAOController finished.
[TRACE] 2018-10-05 16:45:55.603 [main] DAOInterface - Interface started.
[TRACE] 2018-10-05 16:45:55.623 [main] DAOInterface - Objects builded.
[TRACE] 2018-10-05 16:45:55.624 [main] CSVInputReader - CSV File Input 
[TRACE] 2018-10-05 16:45:55.629 [main] CSVInputReader - DAOModel_CIFPAR Added field: legalType|type=char|length=1|decimals=
[TRACE] 2018-10-05 16:45:55.629 [main] CSVInputReader - DAOModel_CIFPAR Added field: residencyCountryCode|type=char|length=3|decimals=
[TRACE] 2018-10-05 16:45:55.630 [main] CSVInputReader - DAOModel_CIFPAR Added field: homePhoneNumber|type=zoned|length=11|decimals=
[TRACE] 2018-10-05 16:45:55.630 [main] CSVInputReader - DAOModel_CIFPAR Added field: birthDate|type=date|length=|decimals=
[TRACE] 2018-10-05 16:45:55.794 [main] DAOInterface - DAOController finished.
[TRACE] 2018-10-05 16:47:42.690 [main] DAOInterface - Interface started.
[TRACE] 2018-10-05 16:47:42.712 [main] DAOInterface - Objects builded.
[TRACE] 2018-10-05 16:47:42.713 [main] CSVInputReader - CSV File Input 
[TRACE] 2018-10-05 16:47:42.719 [main] CSVInputReader - DAOModel_CIFPAR Added field: legalType|type=char|length=1|decimals=
[TRACE] 2018-10-05 16:47:42.719 [main] CSVInputReader - DAOModel_CIFPAR Added field: residencyCountryCode|type=char|length=3|decimals=
[TRACE] 2018-10-05 16:47:42.719 [main] CSVInputReader - DAOModel_CIFPAR Added field: homePhoneNumber|type=zoned|length=11|decimals=
[TRACE] 2018-10-05 16:47:42.719 [main] CSVInputReader - DAOModel_CIFPAR Added field: birthDate|type=date|length=|decimals=
[TRACE] 2018-10-05 16:47:42.871 [main] DAOInterface - DAOController finished.
[TRACE] 2018-10-05 16:49:07.047 [main] DAOInterface - Interface started.
[TRACE] 2018-10-05 16:49:07.067 [main] DAOInterface - Objects builded.
[TRACE] 2018-10-05 16:49:07.068 [main] CSVInputReader - CSV File Input 
[TRACE] 2018-10-05 16:49:07.074 [main] CSVInputReader - DAOModel_CIFPAR Added field: legalType|type=char|length=1|decimals=
[TRACE] 2018-10-05 16:49:07.074 [main] CSVInputReader - DAOModel_CIFPAR Added field: residencyCountryCode|type=char|length=3|decimals=
[TRACE] 2018-10-05 16:49:07.074 [main] CSVInputReader - DAOModel_CIFPAR Added field: homePhoneNumber|type=zoned|length=11|decimals=
[TRACE] 2018-10-05 16:49:07.074 [main] CSVInputReader - DAOModel_CIFPAR Added field: birthDate|type=date|length=|decimals=
[TRACE] 2018-10-05 16:49:07.221 [main] DAOInterface - DAOController finished.
[TRACE] 2018-10-05 16:50:55.266 [main] DAOInterface - Interface started.
[TRACE] 2018-10-05 16:50:55.286 [main] DAOInterface - Objects builded.
[TRACE] 2018-10-05 16:50:55.287 [main] CSVInputReader - CSV File Input 
[TRACE] 2018-10-05 16:50:55.291 [main] CSVInputReader - DAOModel_CIFPAR Added field: legalType|type=char|length=1|decimals=
[TRACE] 2018-10-05 16:50:55.291 [main] CSVInputReader - DAOModel_CIFPAR Added field: residencyCountryCode|type=char|length=3|decimals=
[TRACE] 2018-10-05 16:50:55.291 [main] CSVInputReader - DAOModel_CIFPAR Added field: homePhoneNumber|type=zoned|length=11|decimals=
[TRACE] 2018-10-05 16:50:55.291 [main] CSVInputReader - DAOModel_CIFPAR Added field: birthDate|type=date|length=|decimals=
[TRACE] 2018-10-05 16:50:55.417 [main] DAOInterface - DAOController finished.
[TRACE] 2018-10-05 16:53:28.597 [main] DAOInterface - Interface started.
[TRACE] 2018-10-05 16:53:28.615 [main] DAOInterface - Objects builded.
[TRACE] 2018-10-05 16:53:28.616 [main] CSVInputReader - CSV File Input 
[TRACE] 2018-10-05 16:53:28.620 [main] CSVInputReader - DAOModel_CIFPAR Added field: legalType|type=char|length=1|decimals=
[TRACE] 2018-10-05 16:53:28.621 [main] CSVInputReader - DAOModel_CIFPAR Added field: residencyCountryCode|type=char|length=3|decimals=
[TRACE] 2018-10-05 16:53:28.621 [main] CSVInputReader - DAOModel_CIFPAR Added field: homePhoneNumber|type=zoned|length=11|decimals=
[TRACE] 2018-10-05 16:53:28.621 [main] CSVInputReader - DAOModel_CIFPAR Added field: birthDate|type=date|length=|decimals=
[TRACE] 2018-10-05 16:53:28.751 [main] DAOInterface - DAOController finished.
[TRACE] 2018-10-05 16:55:03.383 [main] DAOInterface - Interface started.
[TRACE] 2018-10-05 16:55:03.403 [main] DAOInterface - Objects builded.
[TRACE] 2018-10-05 16:55:03.404 [main] CSVInputReader - CSV File Input 
[TRACE] 2018-10-05 16:55:03.410 [main] CSVInputReader - DAOModel_CIFPAR Added field: legalType|type=char|length=1|decimals=
[TRACE] 2018-10-05 16:55:03.410 [main] CSVInputReader - DAOModel_CIFPAR Added field: residencyCountryCode|type=char|length=3|decimals=
[TRACE] 2018-10-05 16:55:03.410 [main] CSVInputReader - DAOModel_CIFPAR Added field: homePhoneNumber|type=zoned|length=11|decimals=
[TRACE] 2018-10-05 16:55:03.410 [main] CSVInputReader - DAOModel_CIFPAR Added field: birthDate|type=date|length=|decimals=
[TRACE] 2018-10-05 16:55:03.558 [main] DAOInterface - DAOController finished.
[TRACE] 2018-10-05 16:55:16.638 [main] DAOInterface - Interface started.
[TRACE] 2018-10-05 16:55:16.661 [main] DAOInterface - Objects builded.
[TRACE] 2018-10-05 16:55:16.662 [main] CSVInputReader - CSV File Input 
[TRACE] 2018-10-05 16:55:16.666 [main] CSVInputReader - DAOModel_CIFPAR Added field: legalType|type=char|length=1|decimals=
[TRACE] 2018-10-05 16:55:16.666 [main] CSVInputReader - DAOModel_CIFPAR Added field: residencyCountryCode|type=char|length=3|decimals=
[TRACE] 2018-10-05 16:55:16.666 [main] CSVInputReader - DAOModel_CIFPAR Added field: homePhoneNumber|type=zoned|length=11|decimals=
[TRACE] 2018-10-05 16:55:16.666 [main] CSVInputReader - DAOModel_CIFPAR Added field: birthDate|type=date|length=|decimals=
[TRACE] 2018-10-05 16:55:16.817 [main] DAOInterface - DAOController finished.
[TRACE] 2018-10-05 16:58:26.590 [main] DAOInterface - Interface started.
[TRACE] 2018-10-05 16:58:26.613 [main] DAOInterface - Objects builded.
[TRACE] 2018-10-05 16:58:26.614 [main] CSVInputReader - CSV File Input 
[TRACE] 2018-10-05 16:58:26.620 [main] CSVInputReader - DAOModel_CIFPAR Added field: legalType|type=char|length=1|decimals=
[TRACE] 2018-10-05 16:58:26.620 [main] CSVInputReader - DAOModel_CIFPAR Added field: residencyCountryCode|type=char|length=3|decimals=
[TRACE] 2018-10-05 16:58:26.620 [main] CSVInputReader - DAOModel_CIFPAR Added field: homePhoneNumber|type=zoned|length=11|decimals=
[TRACE] 2018-10-05 16:58:26.620 [main] CSVInputReader - DAOModel_CIFPAR Added field: birthDate|type=date|length=|decimals=
[TRACE] 2018-10-05 16:58:26.760 [main] DAOInterface - DAOController finished.
[TRACE] 2018-10-05 17:00:44.098 [main] DAOInterface - Interface started.
[TRACE] 2018-10-05 17:00:44.118 [main] DAOInterface - Objects builded.
[TRACE] 2018-10-05 17:00:44.119 [main] CSVInputReader - CSV File Input 
[TRACE] 2018-10-05 17:00:44.124 [main] CSVInputReader - DAOModel_CIFPAR Added field: legalType|type=char|length=1|decimals=
[TRACE] 2018-10-05 17:00:44.125 [main] CSVInputReader - DAOModel_CIFPAR Added field: residencyCountryCode|type=char|length=3|decimals=
[TRACE] 2018-10-05 17:00:44.125 [main] CSVInputReader - DAOModel_CIFPAR Added field: homePhoneNumber|type=zoned|length=11|decimals=
[TRACE] 2018-10-05 17:00:44.125 [main] CSVInputReader - DAOModel_CIFPAR Added field: birthDate|type=date|length=|decimals=
[TRACE] 2018-10-05 17:00:44.258 [main] DAOInterface - DAOController finished.
[TRACE] 2018-10-05 17:05:36.479 [main] DAOInterface - Interface started.
[TRACE] 2018-10-05 17:05:36.500 [main] DAOInterface - Objects builded.
[TRACE] 2018-10-05 17:05:36.501 [main] CSVInputReader - CSV File Input 
[TRACE] 2018-10-05 17:05:36.505 [main] CSVInputReader - DAOModel_CIFPAR Added field: legalType|type=char|length=1|decimals=
[TRACE] 2018-10-05 17:05:36.505 [main] CSVInputReader - DAOModel_CIFPAR Added field: residencyCountryCode|type=char|length=3|decimals=
[TRACE] 2018-10-05 17:05:36.505 [main] CSVInputReader - DAOModel_CIFPAR Added field: homePhoneNumber|type=zoned|length=11|decimals=
[TRACE] 2018-10-05 17:05:36.505 [main] CSVInputReader - DAOModel_CIFPAR Added field: birthDate|type=date|length=|decimals=
[TRACE] 2018-10-05 17:05:36.642 [main] DAOInterface - DAOController finished.
