[TRACE] 2017-02-28 18:32:02.488 [main] ClasserLogger - DAOInterface started.
[TRACE] 2017-02-28 18:32:02.527 [main] ClasserLogger - Table Input: LIBEPC/TABLA
[TRACE] 2017-02-28 18:32:02.527 [main] ClasserLogger - DAOInterface objects builded.
[ERROR] 2017-02-28 18:32:02.719 [main] ClasserLogger - DAOController failed.
com.ibm.as400.access.AS400Exception: CPF3012 No se ha encontrado el archivo TABLA en la biblioteca LIBEPC.
	at com.ibm.as400.access.AS400FileRecordDescriptionImplRemote.retrieveRecordFormat(AS400FileRecordDescriptionImplRemote.java:1143) ~[jt400-6.7.jar:JTOpen 6.7]
	at com.ibm.as400.access.AS400FileRecordDescription.retrieveRecordFormat(AS400FileRecordDescription.java:488) ~[jt400-6.7.jar:JTOpen 6.7]
	at com.input.TableInputReader.loadModel(TableInputReader.java:40) ~[classes/:?]
	at com.control.DAOGeneratorController.execute(DAOGeneratorController.java:38) ~[classes/:?]
	at com.control.DAOInterface.executeController(DAOInterface.java:103) [classes/:?]
	at test.TestRPGDAO.testNoExistsTable(TestRPGDAO.java:88) [test-classes/:?]
	at sun.reflect.NativeMethodAccessorImpl.invoke0(Native Method) ~[?:1.8.0_60]
	at sun.reflect.NativeMethodAccessorImpl.invoke(NativeMethodAccessorImpl.java:62) ~[?:1.8.0_60]
	at sun.reflect.DelegatingMethodAccessorImpl.invoke(DelegatingMethodAccessorImpl.java:43) ~[?:1.8.0_60]
	at java.lang.reflect.Method.invoke(Method.java:497) ~[?:1.8.0_60]
	at org.junit.runners.model.FrameworkMethod$1.runReflectiveCall(FrameworkMethod.java:50) [junit-4.12.jar:4.12]
	at org.junit.internal.runners.model.ReflectiveCallable.run(ReflectiveCallable.java:12) [junit-4.12.jar:4.12]
	at org.junit.runners.model.FrameworkMethod.invokeExplosively(FrameworkMethod.java:47) [junit-4.12.jar:4.12]
	at org.junit.internal.runners.statements.InvokeMethod.evaluate(InvokeMethod.java:17) [junit-4.12.jar:4.12]
	at org.junit.runners.ParentRunner.runLeaf(ParentRunner.java:325) [junit-4.12.jar:4.12]
	at org.junit.runners.BlockJUnit4ClassRunner.runChild(BlockJUnit4ClassRunner.java:78) [junit-4.12.jar:4.12]
	at org.junit.runners.BlockJUnit4ClassRunner.runChild(BlockJUnit4ClassRunner.java:57) [junit-4.12.jar:4.12]
	at org.junit.runners.ParentRunner$3.run(ParentRunner.java:290) [junit-4.12.jar:4.12]
	at org.junit.runners.ParentRunner$1.schedule(ParentRunner.java:71) [junit-4.12.jar:4.12]
	at org.junit.runners.ParentRunner.runChildren(ParentRunner.java:288) [junit-4.12.jar:4.12]
	at org.junit.runners.ParentRunner.access$000(ParentRunner.java:58) [junit-4.12.jar:4.12]
	at org.junit.runners.ParentRunner$2.evaluate(ParentRunner.java:268) [junit-4.12.jar:4.12]
	at org.junit.runners.ParentRunner.run(ParentRunner.java:363) [junit-4.12.jar:4.12]
	at org.eclipse.jdt.internal.junit4.runner.JUnit4TestReference.run(JUnit4TestReference.java:86) [.cp/:?]
	at org.eclipse.jdt.internal.junit.runner.TestExecution.run(TestExecution.java:38) [.cp/:?]
	at org.eclipse.jdt.internal.junit.runner.RemoteTestRunner.runTests(RemoteTestRunner.java:459) [.cp/:?]
	at org.eclipse.jdt.internal.junit.runner.RemoteTestRunner.runTests(RemoteTestRunner.java:675) [.cp/:?]
	at org.eclipse.jdt.internal.junit.runner.RemoteTestRunner.run(RemoteTestRunner.java:382) [.cp/:?]
	at org.eclipse.jdt.internal.junit.runner.RemoteTestRunner.main(RemoteTestRunner.java:192) [.cp/:?]
[TRACE] 2017-02-28 18:32:02.726 [main] ClasserLogger - DAOInterface started.
[TRACE] 2017-02-28 18:32:02.726 [main] ClasserLogger - Table Input: LIBEPC/BITAR11036
[TRACE] 2017-02-28 18:32:02.726 [main] ClasserLogger - DAOInterface objects builded.
[TRACE] 2017-02-28 18:32:03.347 [main] ClasserLogger - DAOModel_BITAR11036 Added field: IDNREQ|type=i|length=10|decimals=0
[TRACE] 2017-02-28 18:32:03.347 [main] ClasserLogger - DAOModel_BITAR11036 Added field: FECREQ|type=z|length=|decimals=
[TRACE] 2017-02-28 18:32:03.347 [main] ClasserLogger - DAOModel_BITAR11036 Added field: CODAPL|type=a|length=10|decimals=
[TRACE] 2017-02-28 18:32:03.347 [main] ClasserLogger - DAOModel_BITAR11036 Added field: NOMJOB|type=a|length=10|decimals=
[TRACE] 2017-02-28 18:32:03.347 [main] ClasserLogger - DAOModel_BITAR11036 Added field: USRJOB|type=a|length=10|decimals=
[TRACE] 2017-02-28 18:32:03.347 [main] ClasserLogger - DAOModel_BITAR11036 Added field: NUMJOB|type=p|length=6|decimals=0
[TRACE] 2017-02-28 18:32:03.347 [main] ClasserLogger - DAOModel_BITAR11036 Added field: NOMPRG|type=a|length=10|decimals=
[TRACE] 2017-02-28 18:32:03.348 [main] ClasserLogger - DAOModel_BITAR11036 Added field: CANREQ|type=a|length=30|decimals=
[TRACE] 2017-02-28 18:32:03.348 [main] ClasserLogger - DAOModel_BITAR11036 Added field: NOMSVD|type=a|length=10|decimals=
[TRACE] 2017-02-28 18:32:03.348 [main] ClasserLogger - DAOModel_BITAR11036 Added field: FECRPT|type=z|length=|decimals=
[TRACE] 2017-02-28 18:32:03.348 [main] ClasserLogger - DAOModel_BITAR11036 Added field: CODERR|type=a|length=7|decimals=
[TRACE] 2017-02-28 18:32:03.348 [main] ClasserLogger - DAOModel_BITAR11036 Added field: MSGERR|type=a|length=132|decimals=
[TRACE] 2017-02-28 18:32:03.348 [main] ClasserLogger - DAOModel_BITAR11036 Added field: NUMCTA|type=p|length=9|decimals=0
[TRACE] 2017-02-28 18:32:03.348 [main] ClasserLogger - DAOModel_BITAR11036 Added field: EMLECT|type=a|length=100|decimals=
[TRACE] 2017-02-28 18:32:03.348 [main] ClasserLogger - DAOModel_BITAR11036 Added field: BANACT|type=a|length=1|decimals=
[TRACE] 2017-02-28 18:32:03.348 [main] ClasserLogger - DAOModel_BITAR11036 Added field: EDORPT|type=a|length=1|decimals=
[TRACE] 2017-02-28 18:32:05.479 [main] ClasserLogger - System i OutFile /QSYS.LIB/LIBEPC.LIB/QENR004MOD.FILE/BITAR11036.MBR Writed successfully (577 records).
[TRACE] 2017-02-28 18:32:06.354 [main] ClasserLogger - System i OutFile /QSYS.LIB/LIBEPC.LIB/QENR004TXT.FILE/BITAR11036.MBR Writed successfully (170 records).
[TRACE] 2017-02-28 18:32:06.354 [main] ClasserLogger - DAOController finished.
[TRACE] 2017-02-28 18:32:06.355 [main] ClasserLogger - DAOInterface started.
[TRACE] 2017-02-28 18:32:06.356 [main] ClasserLogger - Table Input: LIBEPC/BITAR11036
[TRACE] 2017-02-28 18:32:06.356 [main] ClasserLogger - DAOInterface objects builded.
[TRACE] 2017-02-28 18:32:07.166 [main] ClasserLogger - DAOModel_BITAR11036 Added field: IDNREQ|type=i|length=10|decimals=0
[TRACE] 2017-02-28 18:32:07.166 [main] ClasserLogger - DAOModel_BITAR11036 Added field: FECREQ|type=z|length=|decimals=
[TRACE] 2017-02-28 18:32:07.166 [main] ClasserLogger - DAOModel_BITAR11036 Added field: CODAPL|type=a|length=10|decimals=
[TRACE] 2017-02-28 18:32:07.166 [main] ClasserLogger - DAOModel_BITAR11036 Added field: NOMJOB|type=a|length=10|decimals=
[TRACE] 2017-02-28 18:32:07.166 [main] ClasserLogger - DAOModel_BITAR11036 Added field: USRJOB|type=a|length=10|decimals=
[TRACE] 2017-02-28 18:32:07.166 [main] ClasserLogger - DAOModel_BITAR11036 Added field: NUMJOB|type=p|length=6|decimals=0
[TRACE] 2017-02-28 18:32:07.166 [main] ClasserLogger - DAOModel_BITAR11036 Added field: NOMPRG|type=a|length=10|decimals=
[TRACE] 2017-02-28 18:32:07.166 [main] ClasserLogger - DAOModel_BITAR11036 Added field: CANREQ|type=a|length=30|decimals=
[TRACE] 2017-02-28 18:32:07.167 [main] ClasserLogger - DAOModel_BITAR11036 Added field: NOMSVD|type=a|length=10|decimals=
[TRACE] 2017-02-28 18:32:07.167 [main] ClasserLogger - DAOModel_BITAR11036 Added field: FECRPT|type=z|length=|decimals=
[TRACE] 2017-02-28 18:32:07.167 [main] ClasserLogger - DAOModel_BITAR11036 Added field: CODERR|type=a|length=7|decimals=
[TRACE] 2017-02-28 18:32:07.167 [main] ClasserLogger - DAOModel_BITAR11036 Added field: MSGERR|type=a|length=132|decimals=
[TRACE] 2017-02-28 18:32:07.167 [main] ClasserLogger - DAOModel_BITAR11036 Added field: NUMCTA|type=p|length=9|decimals=0
[TRACE] 2017-02-28 18:32:07.167 [main] ClasserLogger - DAOModel_BITAR11036 Added field: EMLECT|type=a|length=100|decimals=
[TRACE] 2017-02-28 18:32:07.167 [main] ClasserLogger - DAOModel_BITAR11036 Added field: BANACT|type=a|length=1|decimals=
[TRACE] 2017-02-28 18:32:07.167 [main] ClasserLogger - DAOModel_BITAR11036 Added field: EDORPT|type=a|length=1|decimals=
[TRACE] 2017-02-28 18:32:09.154 [main] ClasserLogger - System i OutFile /QSYS.LIB/LIBEPC.LIB/QENR004MOD.FILE/BITAR11036.MBR Writed successfully (577 records).
[TRACE] 2017-02-28 18:32:10.000 [main] ClasserLogger - System i OutFile /QSYS.LIB/LIBEPC.LIB/QENR004TXT.FILE/BITAR11036.MBR Writed successfully (170 records).
[TRACE] 2017-02-28 18:32:10.000 [main] ClasserLogger - DAOController finished.
